<?xml version="1.0" encoding="UTF-8"?>
<testsuites name="DemoQALogin" time="117.312" tests="1" failures="0" errors="0">
   <testsuite name="DemoQALogin" tests="1" failures="0" errors="0" time="117.312" skipped="0" timestamp="13-03-2025T12:29:15" hostname="yusuf - LAPTOP-T2JL6T9B" id="Test Suites/DemoQALogin">
      <properties>
         <property name="deviceName" value=""/>
         <property name="devicePlatform"/>
         <property name="logFolder" value="C:\\Users\\yusuf\\git\\ExpertKatalon\\Reports\\20250313_122912\\DemoQALogin\\20250313_122912"/>
         <property name="logFiles" value="C:\\Users\\yusuf\\git\\ExpertKatalon\\Reports\\20250313_122912\\DemoQALogin\\20250313_122912\\execution0.log"/>
         <property name="attachments" value="C:\\Users\\yusuf\\git\\ExpertKatalon\\Reports\\20250313_122912\\DemoQALogin\\20250313_122912\\1741843813601.png"/>
         <property name="hostName" value="yusuf - LAPTOP-T2JL6T9B"/>
         <property name="os" value="Windows 11 64bit"/>
         <property name="katalonVersion" value="10.1.0.223"/>
         <property name="browser" value="Chrome 134.0.6998.37"/>
         <property name="hostAddress" value="192.168.165.101"/>
         <property name="sessionId" value="04771126d43f1fe61469bd5a9ffc4a77"/>
         <property name="seleniumVersion" value="4.22.0"/>
         <property name="proxyInformation" value="ProxyInformation { proxyOption=NO_PROXY, proxyServerType=HTTP, username=, password=********, proxyServerAddress=, proxyServerPort=0, executionList=&quot;&quot;, isApplyToDesiredCapabilities=true }"/>
         <property name="platform" value="Windows 11"/>
      </properties>
      <testcase name="Test Cases/Web Demo QA Login" time="58.812" classname="Test Cases/Web Demo QA Login" status="PASSED">
         <system-out><![CDATA[13-03-2025T12:30:13 - [TEST_CASE][PASSED] - Test Cases/Web Demo QA Login: Test Cases/Web Demo QA Login

13-03-2025T12:30:13 - [TEST_STEP][PASSED] - openBrowser(""): Browser is opened with url: ''

13-03-2025T12:30:13 - [MESSAGE][WARNING] - A browser is already opened. Closing browser and opening a new one

13-03-2025T12:30:13 - [MESSAGE][INFO] - Starting 'Chrome' driver

13-03-2025T12:30:13 - [MESSAGE][INFO] - Action delay is set to 0 milliseconds

13-03-2025T12:30:14 - [MESSAGE][PASSED] - Browser is opened with url: ''

13-03-2025T12:30:14 - [TEST_STEP][PASSED] - navigateToUrl("https://demoqa.com/"): Navigate to 'https://demoqa.com/' successfully

13-03-2025T12:30:20 - [MESSAGE][PASSED] - Navigate to 'https://demoqa.com/' successfully

13-03-2025T12:30:20 - [TEST_STEP][PASSED] - click(findTestObject("Object Repository/Page_DEMOQA/svg")): Object: 'Object Repository/Page_DEMOQA/svg' is clicked on

13-03-2025T12:30:21 - [MESSAGE][PASSED] - Object: 'Object Repository/Page_DEMOQA/svg' is clicked on

13-03-2025T12:30:21 - [TEST_STEP][PASSED] - click(findTestObject("Object Repository/Page_DEMOQA/div_Forms")): Object: 'Object Repository/Page_DEMOQA/div_Forms' is clicked on

13-03-2025T12:30:22 - [MESSAGE][PASSED] - Object: 'Object Repository/Page_DEMOQA/div_Forms' is clicked on

13-03-2025T12:30:22 - [TEST_STEP][PASSED] - click(findTestObject("Object Repository/Page_DEMOQA/div_Forms")): Object: 'Object Repository/Page_DEMOQA/div_Forms' is clicked on

13-03-2025T12:30:23 - [MESSAGE][PASSED] - Object: 'Object Repository/Page_DEMOQA/div_Forms' is clicked on

13-03-2025T12:30:23 - [TEST_STEP][PASSED] - click(findTestObject("Object Repository/Page_DEMOQA/li_Practice Form")): Object: 'Object Repository/Page_DEMOQA/li_Practice Form' is clicked on

13-03-2025T12:30:27 - [MESSAGE][PASSED] - Object: 'Object Repository/Page_DEMOQA/li_Practice Form' is clicked on

13-03-2025T12:30:27 - [TEST_STEP][PASSED] - setText(findTestObject("Object Repository/Page_DEMOQA/input_Name_firstName"), "Yusuf"): Text 'Yusuf' is set on object 'Object Repository/Page_DEMOQA/input_Name_firstName'

13-03-2025T12:30:28 - [MESSAGE][PASSED] - Text 'Yusuf' is set on object 'Object Repository/Page_DEMOQA/input_Name_firstName'

13-03-2025T12:30:28 - [TEST_STEP][PASSED] - setText(findTestObject("Object Repository/Page_DEMOQA/input_Name_lastName"), "Rangkuti"): Text 'Rangkuti' is set on object 'Object Repository/Page_DEMOQA/input_Name_lastName'

13-03-2025T12:30:28 - [MESSAGE][PASSED] - Text 'Rangkuti' is set on object 'Object Repository/Page_DEMOQA/input_Name_lastName'

13-03-2025T12:30:28 - [TEST_STEP][PASSED] - setText(findTestObject("Object Repository/Page_DEMOQA/input_Email_userEmail"), "claysystemhack@gmail.com"): Text 'claysystemhack@gmail.com' is set on object 'Object Repository/Page_DEMOQA/input_Email_userEmail'

13-03-2025T12:30:29 - [MESSAGE][PASSED] - Text 'claysystemhack@gmail.com' is set on object 'Object Repository/Page_DEMOQA/input_Email_userEmail'

13-03-2025T12:30:29 - [TEST_STEP][PASSED] - click(findTestObject("Object Repository/Page_DEMOQA/label_Male")): Object: 'Object Repository/Page_DEMOQA/label_Male' is clicked on

13-03-2025T12:30:29 - [MESSAGE][PASSED] - Object: 'Object Repository/Page_DEMOQA/label_Male' is clicked on

13-03-2025T12:30:29 - [TEST_STEP][PASSED] - setText(findTestObject("Object Repository/Page_DEMOQA/input_(10 Digits)_userNumber"), "0896784788"): Text '0896784788' is set on object 'Object Repository/Page_DEMOQA/input_(10 Digits)_userNumber'

13-03-2025T12:30:30 - [MESSAGE][PASSED] - Text '0896784788' is set on object 'Object Repository/Page_DEMOQA/input_(10 Digits)_userNumber'

13-03-2025T12:30:30 - [TEST_STEP][PASSED] - setText(findTestObject("Object Repository/Page_DEMOQA/input_Date of Birth_dateOfBirthInput"), "13 Mar 2025"): Text '13 Mar 2025' is set on object 'Object Repository/Page_DEMOQA/input_Date of Birth_dateOfBirthInput'

13-03-2025T12:30:31 - [MESSAGE][PASSED] - Text '13 Mar 2025' is set on object 'Object Repository/Page_DEMOQA/input_Date of Birth_dateOfBirthInput'

13-03-2025T12:30:31 - [TEST_STEP][PASSED] - click(findTestObject("Object Repository/Page_DEMOQA/input_Date of Birth_dateOfBirthInput")): Object: 'Object Repository/Page_DEMOQA/input_Date of Birth_dateOfBirthInput' is clicked on

13-03-2025T12:30:31 - [MESSAGE][PASSED] - Object: 'Object Repository/Page_DEMOQA/input_Date of Birth_dateOfBirthInput' is clicked on

13-03-2025T12:30:31 - [TEST_STEP][PASSED] - selectOptionByValue(findTestObject("Object Repository/Page_DEMOQA/select_JanuaryFebruaryMarchAprilMayJuneJuly_566629"), "7", true): All options with value '7' are selected in object 'Object Repository/Page_DEMOQA/select_JanuaryFebruaryMarchAprilMayJuneJuly_566629'  using regular expression

13-03-2025T12:30:32 - [MESSAGE][PASSED] - All options with value '7' are selected in object 'Object Repository/Page_DEMOQA/select_JanuaryFebruaryMarchAprilMayJuneJuly_566629'  using regular expression

13-03-2025T12:30:32 - [TEST_STEP][PASSED] - selectOptionByValue(findTestObject("Object Repository/Page_DEMOQA/select_190019011902190319041905190619071908_246ee1"), "2000", true): All options with value '2000' are selected in object 'Object Repository/Page_DEMOQA/select_190019011902190319041905190619071908_246ee1'  using regular expression

13-03-2025T12:30:35 - [MESSAGE][PASSED] - All options with value '2000' are selected in object 'Object Repository/Page_DEMOQA/select_190019011902190319041905190619071908_246ee1'  using regular expression

13-03-2025T12:30:35 - [TEST_STEP][PASSED] - click(findTestObject("Object Repository/Page_DEMOQA/div_31")): Object: 'Object Repository/Page_DEMOQA/div_31' is clicked on

13-03-2025T12:30:35 - [MESSAGE][PASSED] - Object: 'Object Repository/Page_DEMOQA/div_31' is clicked on

13-03-2025T12:30:35 - [TEST_STEP][PASSED] - click(findTestObject("Object Repository/Page_DEMOQA/div_Subjects_subjects-auto-complete__value-_d244cf")): Object: 'Object Repository/Page_DEMOQA/div_Subjects_subjects-auto-complete__value-_d244cf' is clicked on

13-03-2025T12:30:36 - [MESSAGE][PASSED] - Object: 'Object Repository/Page_DEMOQA/div_Subjects_subjects-auto-complete__value-_d244cf' is clicked on

13-03-2025T12:30:36 - [TEST_STEP][PASSED] - setText(findTestObject("Object Repository/Page_DEMOQA/input_Subjects_subjectsInput"), ""): Text '' is set on object 'Object Repository/Page_DEMOQA/input_Subjects_subjectsInput'

13-03-2025T12:30:36 - [MESSAGE][PASSED] - Text '' is set on object 'Object Repository/Page_DEMOQA/input_Subjects_subjectsInput'

13-03-2025T12:30:36 - [TEST_STEP][PASSED] - click(findTestObject("Object Repository/Page_DEMOQA/input_Subjects_subjectsInput")): Object: 'Object Repository/Page_DEMOQA/input_Subjects_subjectsInput' is clicked on

13-03-2025T12:30:37 - [MESSAGE][PASSED] - Object: 'Object Repository/Page_DEMOQA/input_Subjects_subjectsInput' is clicked on

13-03-2025T12:30:37 - [TEST_STEP][PASSED] - click(findTestObject("Object Repository/Page_DEMOQA/div_Subjects_subjects-auto-complete__value-_d244cf")): Object: 'Object Repository/Page_DEMOQA/div_Subjects_subjects-auto-complete__value-_d244cf' is clicked on

13-03-2025T12:30:37 - [MESSAGE][PASSED] - Object: 'Object Repository/Page_DEMOQA/div_Subjects_subjects-auto-complete__value-_d244cf' is clicked on

13-03-2025T12:30:37 - [TEST_STEP][PASSED] - click(findTestObject("Object Repository/Page_DEMOQA/div_Subjects_subjects-auto-complete__value-_d244cf")): Object: 'Object Repository/Page_DEMOQA/div_Subjects_subjects-auto-complete__value-_d244cf' is clicked on

13-03-2025T12:30:37 - [MESSAGE][PASSED] - Object: 'Object Repository/Page_DEMOQA/div_Subjects_subjects-auto-complete__value-_d244cf' is clicked on

13-03-2025T12:30:37 - [TEST_STEP][PASSED] - setText(findTestObject("Object Repository/Page_DEMOQA/input_Subjects_subjectsInput"), "s"): Text 's' is set on object 'Object Repository/Page_DEMOQA/input_Subjects_subjectsInput'

13-03-2025T12:30:38 - [MESSAGE][PASSED] - Text 's' is set on object 'Object Repository/Page_DEMOQA/input_Subjects_subjectsInput'

13-03-2025T12:30:38 - [TEST_STEP][PASSED] - click(findTestObject("Object Repository/Page_DEMOQA/div_English")): Object: 'Object Repository/Page_DEMOQA/div_English' is clicked on

13-03-2025T12:30:38 - [MESSAGE][PASSED] - Object: 'Object Repository/Page_DEMOQA/div_English' is clicked on

13-03-2025T12:30:38 - [TEST_STEP][PASSED] - click(findTestObject("Object Repository/Page_DEMOQA/label_Sports")): Object: 'Object Repository/Page_DEMOQA/label_Sports' is clicked on

13-03-2025T12:30:39 - [MESSAGE][PASSED] - Object: 'Object Repository/Page_DEMOQA/label_Sports' is clicked on

13-03-2025T12:30:39 - [TEST_STEP][PASSED] - setText(findTestObject("Object Repository/Page_DEMOQA/textarea_Current Address_currentAddress"), "PONDOK BAMBU"): Text 'PONDOK BAMBU' is set on object 'Object Repository/Page_DEMOQA/textarea_Current Address_currentAddress'

13-03-2025T12:30:39 - [MESSAGE][PASSED] - Text 'PONDOK BAMBU' is set on object 'Object Repository/Page_DEMOQA/textarea_Current Address_currentAddress'

13-03-2025T12:30:39 - [TEST_STEP][PASSED] - click(findTestObject("Object Repository/Page_DEMOQA/div_Select State")): Object: 'Object Repository/Page_DEMOQA/div_Select State' is clicked on

13-03-2025T12:31:11 - [MESSAGE][PASSED] - Object: 'Object Repository/Page_DEMOQA/div_Select State' is clicked on

13-03-2025T12:31:11 - [TEST_STEP][PASSED] - click(findTestObject("Object Repository/Page_DEMOQA/div_NCR")): Object: 'Object Repository/Page_DEMOQA/div_NCR' is clicked on

13-03-2025T12:31:11 - [MESSAGE][PASSED] - Object: 'Object Repository/Page_DEMOQA/div_NCR' is clicked on

13-03-2025T12:31:11 - [TEST_STEP][PASSED] - click(findTestObject("Object Repository/Page_DEMOQA/button_Submit")): Object: 'Object Repository/Page_DEMOQA/button_Submit' is clicked on

13-03-2025T12:31:12 - [MESSAGE][PASSED] - Object: 'Object Repository/Page_DEMOQA/button_Submit' is clicked on

13-03-2025T12:31:12 - [TEST_STEP][PASSED] - closeBrowser(): Browser is closed

13-03-2025T12:31:12 - [MESSAGE][PASSED] - Browser is closed]]></system-out>
         <system-err><![CDATA[]]></system-err>
      </testcase>
      <system-out><![CDATA[13-03-2025T12:29:15 - [TEST_SUITE][FAILED] - DemoQALogin: Test Cases/Web Demo QA Login FAILED.
Reason:
com.kms.katalon.core.exception.StepFailedException: Unable to click on object 'Object Repository/Page_DEMOQA/div_Select State'
	at com.kms.katalon.core.webui.keyword.internal.WebUIKeywordMain.stepFailed(WebUIKeywordMain.groovy:117)
	at com.kms.katalon.core.webui.keyword.internal.WebUIKeywordMain.runKeyword(WebUIKeywordMain.groovy:43)
	at com.kms.katalon.core.webui.keyword.builtin.ClickKeyword.click(ClickKeyword.groovy:75)
	at com.kms.katalon.core.webui.keyword.builtin.ClickKeyword.execute(ClickKeyword.groovy:40)
	at com.kms.katalon.core.keyword.internal.KeywordExecutor.executeKeywordForPlatform(KeywordExecutor.groovy:74)
	at com.kms.katalon.core.webui.keyword.WebUiBuiltInKeywords.click(WebUiBuiltInKeywords.groovy:696)
	at Web Demo QA Login.run(Web Demo QA Login:72)
	at com.kms.katalon.core.main.ScriptEngine.run(ScriptEngine.java:194)
	at com.kms.katalon.core.main.ScriptEngine.runScriptAsRawText(ScriptEngine.java:119)
	at com.kms.katalon.core.main.TestCaseExecutor.runScript(TestCaseExecutor.java:448)
	at com.kms.katalon.core.main.TestCaseExecutor.doExecute(TestCaseExecutor.java:439)
	at com.kms.katalon.core.main.TestCaseExecutor.processExecutionPhase(TestCaseExecutor.java:418)
	at com.kms.katalon.core.main.TestCaseExecutor.accessMainPhase(TestCaseExecutor.java:410)
	at com.kms.katalon.core.main.TestCaseExecutor.execute(TestCaseExecutor.java:285)
	at com.kms.katalon.core.common.CommonExecutor.accessTestCaseMainPhase(CommonExecutor.java:71)
	at com.kms.katalon.core.main.TestSuiteExecutor.accessTestSuiteMainPhase(TestSuiteExecutor.java:160)
	at com.kms.katalon.core.main.TestSuiteExecutor.execute(TestSuiteExecutor.java:107)
	at com.kms.katalon.core.main.TestCaseMain.startTestSuite(TestCaseMain.java:180)
	at TempTestSuite1741843752174.run(TempTestSuite1741843752174.groovy:35)
	at java.base/jdk.internal.reflect.NativeMethodAccessorImpl.invoke0(Native Method)
	at java.base/jdk.internal.reflect.NativeMethodAccessorImpl.invoke(NativeMethodAccessorImpl.java:77)
	at java.base/jdk.internal.reflect.DelegatingMethodAccessorImpl.invoke(DelegatingMethodAccessorImpl.java:43)
Caused by: org.openqa.selenium.ElementClickInterceptedException: element click intercepted: Element <div class=" css-1hwfws3">...</div> is not clickable at point (449, 708). Other element would receive the click: <div>...</div>
  (Session info: chrome=134.0.6998.37)
Build info: version: '4.22.0', revision: 'c5f3146703'
System info: os.name: 'Windows 11', os.arch: 'amd64', os.version: '10.0', java.version: '17.0.13'
Driver info: com.kms.katalon.selenium.driver.CChromeDriver
Command: [f9158d1af559fe697aecee676cdc6066, clickElement {id=f.DA682D8B5EDAAA80E0AF2845DA326303.d.985D9A1772EE21E3D500B08F92CF03AE.e.548}]
Capabilities {acceptInsecureCerts: false, browserName: chrome, browserVersion: 134.0.6998.37, chrome: {chromedriverVersion: 134.0.6998.88 (7e3d5c978c6d..., userDataDir: C:\Users\yusuf\AppData\Loca...}, fedcm:accounts: true, goog:chromeOptions: {debuggerAddress: localhost:51249}, networkConnectionEnabled: false, pageLoadStrategy: normal, platformName: windows, proxy: Proxy(), se:cdp: ws://localhost:51249/devtoo..., se:cdpVersion: 134.0.6998.37, setWindowRect: true, strictFileInteractability: false, timeouts: {implicit: 0, pageLoad: 300000, script: 30000}, unhandledPromptBehavior: ignore, webSocketUrl: ws://localhost:35655/sessio..., webauthn:extension:credBlob: true, webauthn:extension:largeBlob: true, webauthn:extension:minPinLength: true, webauthn:extension:prf: true, webauthn:virtualAuthenticators: true}
Element: [[CChromeDriver: chrome on windows (f9158d1af559fe697aecee676cdc6066)] -> xpath: //div[@id='state']/div/div]
Session ID: f9158d1af559fe697aecee676cdc6066
	at java.base/jdk.internal.reflect.NativeConstructorAccessorImpl.newInstance0(Native Method)
	at java.base/jdk.internal.reflect.NativeConstructorAccessorImpl.newInstance(NativeConstructorAccessorImpl.java:77)
	at java.base/jdk.internal.reflect.DelegatingConstructorAccessorImpl.newInstance(DelegatingConstructorAccessorImpl.java:45)
	at org.openqa.selenium.remote.ErrorCodec.decode(ErrorCodec.java:167)
	at org.openqa.selenium.remote.codec.w3c.W3CHttpResponseCodec.decode(W3CHttpResponseCodec.java:138)
	at org.openqa.selenium.remote.codec.w3c.W3CHttpResponseCodec.decode(W3CHttpResponseCodec.java:50)
	at org.openqa.selenium.remote.HttpCommandExecutor.execute(HttpCommandExecutor.java:190)
	at org.openqa.selenium.remote.service.DriverCommandExecutor.invokeExecute(DriverCommandExecutor.java:216)
	at org.openqa.selenium.remote.service.DriverCommandExecutor.execute(DriverCommandExecutor.java:174)
	at org.openqa.selenium.remote.RemoteWebDriver.execute(RemoteWebDriver.java:518)
	at org.openqa.selenium.remote.RemoteWebElement.execute(RemoteWebElement.java:223)
	at org.openqa.selenium.remote.RemoteWebElement.click(RemoteWebElement.java:76)
	at jdk.internal.reflect.GeneratedMethodAccessor25.invoke(Unknown Source)
	at java.base/jdk.internal.reflect.DelegatingMethodAccessorImpl.invoke(DelegatingMethodAccessorImpl.java:43)
	at org.openqa.selenium.support.decorators.WebDriverDecorator.call(WebDriverDecorator.java:249)
	at org.openqa.selenium.support.decorators.DefaultDecorated.call(DefaultDecorated.java:48)
	at org.openqa.selenium.support.decorators.WebDriverDecorator.lambda$createProxy$2(WebDriverDecorator.java:321)
	at net.bytebuddy.renamed.java.lang.Object$ByteBuddy$ugwMLIlR.click(Unknown Source)
	at org.openqa.selenium.WebElement$click.call(Unknown Source)
	at com.kms.katalon.core.webui.keyword.builtin.ClickKeyword.clickUntilSuccessWithTimeout(ClickKeyword.groovy:82)
	at com.kms.katalon.core.webui.keyword.builtin.ClickKeyword.clickUntilSuccessWithTimeout(ClickKeyword.groovy)
	at java.base/jdk.internal.reflect.NativeMethodAccessorImpl.invoke0(Native Method)
	at java.base/jdk.internal.reflect.NativeMethodAccessorImpl.invoke(NativeMethodAccessorImpl.java:77)
	at java.base/jdk.internal.reflect.DelegatingMethodAccessorImpl.invoke(DelegatingMethodAccessorImpl.java:43)
	at com.kms.katalon.core.webui.keyword.builtin.ClickKeyword$_click_closure1.doCall(ClickKeyword.groovy:68)
	at com.kms.katalon.core.webui.keyword.builtin.ClickKeyword$_click_closure1.call(ClickKeyword.groovy)
	at com.kms.katalon.core.webui.keyword.internal.WebUIKeywordMain.runKeyword(WebUIKeywordMain.groovy:35)
	... 20 more]]></system-out>
      <system-err><![CDATA[13-03-2025T12:29:15 - [TEST_SUITE][FAILED] - DemoQALogin: Test Cases/Web Demo QA Login FAILED.
Reason:
com.kms.katalon.core.exception.StepFailedException: Unable to click on object 'Object Repository/Page_DEMOQA/div_Select State'
	at com.kms.katalon.core.webui.keyword.internal.WebUIKeywordMain.stepFailed(WebUIKeywordMain.groovy:117)
	at com.kms.katalon.core.webui.keyword.internal.WebUIKeywordMain.runKeyword(WebUIKeywordMain.groovy:43)
	at com.kms.katalon.core.webui.keyword.builtin.ClickKeyword.click(ClickKeyword.groovy:75)
	at com.kms.katalon.core.webui.keyword.builtin.ClickKeyword.execute(ClickKeyword.groovy:40)
	at com.kms.katalon.core.keyword.internal.KeywordExecutor.executeKeywordForPlatform(KeywordExecutor.groovy:74)
	at com.kms.katalon.core.webui.keyword.WebUiBuiltInKeywords.click(WebUiBuiltInKeywords.groovy:696)
	at Web Demo QA Login.run(Web Demo QA Login:72)
	at com.kms.katalon.core.main.ScriptEngine.run(ScriptEngine.java:194)
	at com.kms.katalon.core.main.ScriptEngine.runScriptAsRawText(ScriptEngine.java:119)
	at com.kms.katalon.core.main.TestCaseExecutor.runScript(TestCaseExecutor.java:448)
	at com.kms.katalon.core.main.TestCaseExecutor.doExecute(TestCaseExecutor.java:439)
	at com.kms.katalon.core.main.TestCaseExecutor.processExecutionPhase(TestCaseExecutor.java:418)
	at com.kms.katalon.core.main.TestCaseExecutor.accessMainPhase(TestCaseExecutor.java:410)
	at com.kms.katalon.core.main.TestCaseExecutor.execute(TestCaseExecutor.java:285)
	at com.kms.katalon.core.common.CommonExecutor.accessTestCaseMainPhase(CommonExecutor.java:71)
	at com.kms.katalon.core.main.TestSuiteExecutor.accessTestSuiteMainPhase(TestSuiteExecutor.java:160)
	at com.kms.katalon.core.main.TestSuiteExecutor.execute(TestSuiteExecutor.java:107)
	at com.kms.katalon.core.main.TestCaseMain.startTestSuite(TestCaseMain.java:180)
	at TempTestSuite1741843752174.run(TempTestSuite1741843752174.groovy:35)
	at java.base/jdk.internal.reflect.NativeMethodAccessorImpl.invoke0(Native Method)
	at java.base/jdk.internal.reflect.NativeMethodAccessorImpl.invoke(NativeMethodAccessorImpl.java:77)
	at java.base/jdk.internal.reflect.DelegatingMethodAccessorImpl.invoke(DelegatingMethodAccessorImpl.java:43)
Caused by: org.openqa.selenium.ElementClickInterceptedException: element click intercepted: Element <div class=" css-1hwfws3">...</div> is not clickable at point (449, 708). Other element would receive the click: <div>...</div>
  (Session info: chrome=134.0.6998.37)
Build info: version: '4.22.0', revision: 'c5f3146703'
System info: os.name: 'Windows 11', os.arch: 'amd64', os.version: '10.0', java.version: '17.0.13'
Driver info: com.kms.katalon.selenium.driver.CChromeDriver
Command: [f9158d1af559fe697aecee676cdc6066, clickElement {id=f.DA682D8B5EDAAA80E0AF2845DA326303.d.985D9A1772EE21E3D500B08F92CF03AE.e.548}]
Capabilities {acceptInsecureCerts: false, browserName: chrome, browserVersion: 134.0.6998.37, chrome: {chromedriverVersion: 134.0.6998.88 (7e3d5c978c6d..., userDataDir: C:\Users\yusuf\AppData\Loca...}, fedcm:accounts: true, goog:chromeOptions: {debuggerAddress: localhost:51249}, networkConnectionEnabled: false, pageLoadStrategy: normal, platformName: windows, proxy: Proxy(), se:cdp: ws://localhost:51249/devtoo..., se:cdpVersion: 134.0.6998.37, setWindowRect: true, strictFileInteractability: false, timeouts: {implicit: 0, pageLoad: 300000, script: 30000}, unhandledPromptBehavior: ignore, webSocketUrl: ws://localhost:35655/sessio..., webauthn:extension:credBlob: true, webauthn:extension:largeBlob: true, webauthn:extension:minPinLength: true, webauthn:extension:prf: true, webauthn:virtualAuthenticators: true}
Element: [[CChromeDriver: chrome on windows (f9158d1af559fe697aecee676cdc6066)] -> xpath: //div[@id='state']/div/div]
Session ID: f9158d1af559fe697aecee676cdc6066
	at java.base/jdk.internal.reflect.NativeConstructorAccessorImpl.newInstance0(Native Method)
	at java.base/jdk.internal.reflect.NativeConstructorAccessorImpl.newInstance(NativeConstructorAccessorImpl.java:77)
	at java.base/jdk.internal.reflect.DelegatingConstructorAccessorImpl.newInstance(DelegatingConstructorAccessorImpl.java:45)
	at org.openqa.selenium.remote.ErrorCodec.decode(ErrorCodec.java:167)
	at org.openqa.selenium.remote.codec.w3c.W3CHttpResponseCodec.decode(W3CHttpResponseCodec.java:138)
	at org.openqa.selenium.remote.codec.w3c.W3CHttpResponseCodec.decode(W3CHttpResponseCodec.java:50)
	at org.openqa.selenium.remote.HttpCommandExecutor.execute(HttpCommandExecutor.java:190)
	at org.openqa.selenium.remote.service.DriverCommandExecutor.invokeExecute(DriverCommandExecutor.java:216)
	at org.openqa.selenium.remote.service.DriverCommandExecutor.execute(DriverCommandExecutor.java:174)
	at org.openqa.selenium.remote.RemoteWebDriver.execute(RemoteWebDriver.java:518)
	at org.openqa.selenium.remote.RemoteWebElement.execute(RemoteWebElement.java:223)
	at org.openqa.selenium.remote.RemoteWebElement.click(RemoteWebElement.java:76)
	at jdk.internal.reflect.GeneratedMethodAccessor25.invoke(Unknown Source)
	at java.base/jdk.internal.reflect.DelegatingMethodAccessorImpl.invoke(DelegatingMethodAccessorImpl.java:43)
	at org.openqa.selenium.support.decorators.WebDriverDecorator.call(WebDriverDecorator.java:249)
	at org.openqa.selenium.support.decorators.DefaultDecorated.call(DefaultDecorated.java:48)
	at org.openqa.selenium.support.decorators.WebDriverDecorator.lambda$createProxy$2(WebDriverDecorator.java:321)
	at net.bytebuddy.renamed.java.lang.Object$ByteBuddy$ugwMLIlR.click(Unknown Source)
	at org.openqa.selenium.WebElement$click.call(Unknown Source)
	at com.kms.katalon.core.webui.keyword.builtin.ClickKeyword.clickUntilSuccessWithTimeout(ClickKeyword.groovy:82)
	at com.kms.katalon.core.webui.keyword.builtin.ClickKeyword.clickUntilSuccessWithTimeout(ClickKeyword.groovy)
	at java.base/jdk.internal.reflect.NativeMethodAccessorImpl.invoke0(Native Method)
	at java.base/jdk.internal.reflect.NativeMethodAccessorImpl.invoke(NativeMethodAccessorImpl.java:77)
	at java.base/jdk.internal.reflect.DelegatingMethodAccessorImpl.invoke(DelegatingMethodAccessorImpl.java:43)
	at com.kms.katalon.core.webui.keyword.builtin.ClickKeyword$_click_closure1.doCall(ClickKeyword.groovy:68)
	at com.kms.katalon.core.webui.keyword.builtin.ClickKeyword$_click_closure1.call(ClickKeyword.groovy)
	at com.kms.katalon.core.webui.keyword.internal.WebUIKeywordMain.runKeyword(WebUIKeywordMain.groovy:35)
	... 20 more]]></system-err>
   </testsuite>
</testsuites>
